<?xml version="1.0" encoding="UTF-8"?>
<!-- Generated by org.testng.reporters.JUnitReportReporter -->
<testsuite hostname="LAPTOP-80RUN5J9" failures="0" tests="1" name="test.AddCustomerTest" time="5.816" errors="0" timestamp="2021-11-27T22:26:52 PST" skipped="0">
  <testcase classname="test.AddCustomerTest" name="TestPage" time="5.816"/>
  <system-out/>
</testsuite> <!-- test.AddCustomerTest -->
