<?xml version="1.0" encoding="UTF-8"?>
<!-- Generated by org.testng.reporters.JUnitReportReporter -->
<testsuite hostname="LAPTOP-80RUN5J9" failures="0" tests="1" name="util.BrowserFactory" time="2.915" errors="0" timestamp="2021-11-27T20:15:03 PST" skipped="0">
  <testcase classname="util.BrowserFactory" name="LaunchBrowser" time="2.915"/>
  <system-out/>
</testsuite> <!-- util.BrowserFactory -->
